Build started 30/05/2015 15:02:20.
     1>Project "D:\Projeto Base PG - OpenGL - VS 2013\Projeto Base PG - OpenGL - VS 2013\Projeto Base PG - OpenGL.vcxproj" on node 2 (Build target(s)).
     1>C:\Program Files (x86)\MSBuild\Microsoft.Cpp\v4.0\V120\Microsoft.CppBuild.targets(363,5): warning MSB8004: Intermediate Directory does not end with a trailing slash.  This build instance will add the slash as it is required to allow proper evaluation of the Intermediate Directory.
     1>C:\Program Files (x86)\MSBuild\Microsoft.Cpp\v4.0\V120\Microsoft.CppBuild.targets(364,5): warning MSB8004: Output Directory does not end with a trailing slash.  This build instance will add the slash as it is required to allow proper evaluation of the Output Directory.
     1>ClCompile:
         D:\Microsoft Visual Studio 12.0\VC\bin\CL.exe /c /I"D:\Projeto Base PG - OpenGL - VS 2013\Projeto Base PG - OpenGL - VS 2013\Dependencies\Include\\" /Zi /nologo /W3 /WX- /O2 /Oi /Oy- /GL /D _MBCS /Gm- /EHsc /MD /GS /Gy /fp:precise /Zc:wchar_t /Zc:forScope /Fo"D:\Projeto Base PG - OpenGL - VS 2013\Projeto Base PG - OpenGL - VS 2013\Intermediary\Release\\" /Fd"D:\Projeto Base PG - OpenGL - VS 2013\Projeto Base PG - OpenGL - VS 2013\Intermediary\Release\vc120.pdb" /Gd /TP /analyze- /errorReport:prompt Code\CurvasDeBezier.cpp Code\openGL_tutorial.cpp
         CurvasDeBezier.cpp
     1>Code\CurvasDeBezier.cpp(43): warning C4996: '_sleep': This function or variable has been superceded by newer library or operating system functionality. Consider using Sleep instead. See online help for details.
                 D:\Microsoft Visual Studio 12.0\VC\include\stdlib.h(911) : see declaration of '_sleep'
     1>Code\CurvasDeBezier.cpp(52): warning C4018: '<' : signed/unsigned mismatch
     1>Code\CurvasDeBezier.cpp(65): warning C4018: '<' : signed/unsigned mismatch
     1>Code\CurvasDeBezier.cpp(72): warning C4018: '<' : signed/unsigned mismatch
     1>Code\CurvasDeBezier.cpp(160): warning C4018: '<' : signed/unsigned mismatch
         openGL_tutorial.cpp
       Link:
         D:\Microsoft Visual Studio 12.0\VC\bin\link.exe /ERRORREPORT:PROMPT /OUT:"D:\Projeto Base PG - OpenGL - VS 2013\Projeto Base PG - OpenGL - VS 2013\Output\Release\Projeto Base PG - OpenGL.exe" /NOLOGO /LIBPATH:"D:\Projeto Base PG - OpenGL - VS 2013\Projeto Base PG - OpenGL - VS 2013\Dependencies\Lib\\" kernel32.lib user32.lib gdi32.lib winspool.lib comdlg32.lib advapi32.lib shell32.lib ole32.lib oleaut32.lib uuid.lib odbc32.lib odbccp32.lib /MANIFEST /MANIFESTUAC:"level='asInvoker' uiAccess='false'" /manifest:embed /DEBUG /PDB:"D:\Projeto Base PG - OpenGL - VS 2013\Projeto Base PG - OpenGL - VS 2013\Output\Release\Projeto Base PG - OpenGL.pdb" /OPT:REF /OPT:ICF /LTCG /TLBID:1 /DYNAMICBASE /NXCOMPAT /IMPLIB:"D:\Projeto Base PG - OpenGL - VS 2013\Projeto Base PG - OpenGL - VS 2013\Output\Release\Projeto Base PG - OpenGL.lib" /MACHINE:X86 /SAFESEH "D:\Projeto Base PG - OpenGL - VS 2013\Projeto Base PG - OpenGL - VS 2013\Intermediary\Release\CurvasDeBezier.obj"
         "D:\Projeto Base PG - OpenGL - VS 2013\Projeto Base PG - OpenGL - VS 2013\Intermediary\Release\openGL_tutorial.obj"
     1>openGL_tutorial.obj : error LNK2005: _main already defined in CurvasDeBezier.obj
     1>D:\Projeto Base PG - OpenGL - VS 2013\Projeto Base PG - OpenGL - VS 2013\Output\Release\Projeto Base PG - OpenGL.exe : fatal error LNK1169: one or more multiply defined symbols found
     1>Done Building Project "D:\Projeto Base PG - OpenGL - VS 2013\Projeto Base PG - OpenGL - VS 2013\Projeto Base PG - OpenGL.vcxproj" (Build target(s)) -- FAILED.

Build FAILED.

Time Elapsed 00:00:02.30
